<?xml version="1.0" encoding="UTF-8"?>
<!-- Generated by org.testng.reporters.JUnitReportReporter -->
<testsuite hostname="DESKTOP-Q6NHQIE" name="testNGConcepts.TestNGBasic" tests="1" failures="0" timestamp="27 Jun 2019 13:02:50 GMT" time="0.016" errors="0">
  <testcase name="test" time="0.016" classname="testNGConcepts.TestNGBasic"/>
</testsuite> <!-- testNGConcepts.TestNGBasic -->
